[debug] [2026-05-24T12:47:17.267Z] ----------------------------------------------------------------------
[debug] [2026-05-24T12:47:17.270Z] Command:       C:\Program Files\nodejs\node.exe C:\Users\user\AppData\Roaming\npm\node_modules\firebase-tools\lib\bin\firebase.js deploy --only firestore:rules
[debug] [2026-05-24T12:47:17.271Z] CLI Version:   15.18.0
[debug] [2026-05-24T12:47:17.271Z] Platform:      win32
[debug] [2026-05-24T12:47:17.271Z] Node Version:  v22.12.0
[debug] [2026-05-24T12:47:17.271Z] Time:          Sun May 24 2026 19:47:17 GMT+0700 (Western Indonesia Time)
[debug] [2026-05-24T12:47:17.271Z] ----------------------------------------------------------------------
[debug] 
[error] 
[error] Error: Not in a Firebase app directory (could not locate firebase.json)
[debug] [2026-05-24T12:47:20.588Z] Error: EBUSY: resource busy or locked, unlink 'C:\Users\user\siakad-mdta\firebase-debug.log'
    at Object.unlinkSync (node:fs:1871:11)
    at process.<anonymous> (C:\Users\user\AppData\Roaming\npm\node_modules\firebase-tools\lib\bin\cli.js:44:16)
    at process.emit (node:events:536:35)
    at process.exit (node:internal/process/per_thread:182:15)
    at Timeout._onTimeout (C:\Users\user\AppData\Roaming\npm\node_modules\firebase-tools\lib\errorOut.js:20:17)
    at listOnTimeout (node:internal/timers:594:17)
    at process.processTimers (node:internal/timers:529:7)
[error] 
[error] Error: An unexpected error has occurred.
